<?xml version="1.0" encoding="UTF-8"?>
<!-- Generated by org.testng.reporters.JUnitReportReporter -->
<testsuite hostname="DESKTOP-6QCP0R9" failures="0" tests="2" name="TestLayer.Homepagetest" time="0.093" errors="0" timestamp="2023-08-16T15:23:05 IST" skipped="0">
  <testcase classname="TestLayer.Homepagetest" name="validatehomepagetitle" time="0.051"/>
  <system-out/>
  <testcase classname="TestLayer.Homepagetest" name="validatehomepageurl" time="0.042"/>
  <system-out/>
</testsuite> <!-- TestLayer.Homepagetest -->
