<?xml version="1.0" encoding="UTF-8"?>
<!-- Generated by org.testng.reporters.JUnitReportReporter -->
<testsuite hostname="DESKTOP-6QCP0R9" failures="0" tests="10" name="TestLayer.Contactpagetest" time="96.910" errors="0" timestamp="2023-08-16T15:23:05 IST" skipped="0">
  <testcase classname="TestLayer.Contactpagetest" name="validateNewContactFunctionality" time="12.629"/>
  <system-out/>
  <testcase classname="TestLayer.Contactpagetest" name="validateNewContactFunctionality" time="8.809"/>
  <system-out/>
  <testcase classname="TestLayer.Contactpagetest" name="validateNewContactFunctionality" time="15.702"/>
  <system-out/>
  <testcase classname="TestLayer.Contactpagetest" name="validateNewContactFunctionality" time="8.778"/>
  <system-out/>
  <testcase classname="TestLayer.Contactpagetest" name="validateNewContactFunctionality" time="7.802"/>
  <system-out/>
  <testcase classname="TestLayer.Contactpagetest" name="validateNewContactFunctionality" time="10.920"/>
  <system-out/>
  <testcase classname="TestLayer.Contactpagetest" name="validateNewContactFunctionality" time="8.629"/>
  <system-out/>
  <testcase classname="TestLayer.Contactpagetest" name="validateNewContactFunctionality" time="7.833"/>
  <system-out/>
  <testcase classname="TestLayer.Contactpagetest" name="validateNewContactFunctionality" time="7.929"/>
  <system-out/>
  <testcase classname="TestLayer.Contactpagetest" name="validateNewContactFunctionality" time="7.879"/>
  <system-out/>
</testsuite> <!-- TestLayer.Contactpagetest -->
