<?xml version="1.0" encoding="UTF-8"?>
<!-- Generated by org.testng.reporters.JUnitReportReporter -->
<testsuite hostname="DESKTOP-6QCP0R9" failures="0" tests="1" name="TestLayer.Loginpagefunctionality" time="0.801" errors="0" timestamp="2023-08-16T15:23:05 IST" skipped="0">
  <testcase classname="TestLayer.Loginpagefunctionality" name="validateloginpage" time="0.801"/>
  <system-out/>
</testsuite> <!-- TestLayer.Loginpagefunctionality -->
